<?xml version="1.0" encoding="UTF-8"?>
<testsuite xmlns:xsi="http://www.w3.org/2001/XMLSchema-instance" xsi:noNamespaceSchemaLocation="https://maven.apache.org/surefire/maven-surefire-plugin/xsd/surefire-test-report-3.0.xsd" version="3.0" name="TestSuite" time="185.456" tests="9" errors="0" skipped="0" failures="5">
  <properties>
[...]
</properties>
  <testcase name="InvalidPasswordLogin" classname="com.inetbanking.testCases.LoginTest" time="2.909"/>
  <testcase name="InvalidUserLogin" classname="com.inetbanking.testCases.LoginTest" time="3.402"/>
  <testcase name="validlogin" classname="com.inetbanking.testCases.LoginTest" time="6.436"/>
  <testcase name="loginDDT" classname="com.inetbanking.testCases.LoginDataDriverTest" time="7.235"/>
  <testcase name="loginDDT" classname="com.inetbanking.testCases.LoginDataDriverTest" time="2.73">
    <failure message="no such alert&#10;  (Session info: chrome=81.0.4044.138)&#10;Build info: version: &apos;3.141.59&apos;, revision: &apos;e82be7d358&apos;, time: &apos;2018-11-14T08:17:03&apos;&#10;System info: host: &apos;LENOVO-PC&apos;, ip: &apos;192.168.1.6&apos;, os.name: &apos;Windows 7&apos;, os.arch: &apos;amd64&apos;, os.version: &apos;6.1&apos;, java.version: &apos;1.8.0_241&apos;&#10;Driver info: org.openqa.selenium.chrome.ChromeDriver&#10;Capabilities {acceptInsecureCerts: false, browserName: chrome, browserVersion: 81.0.4044.138, chrome: {chromedriverVersion: 81.0.4044.69 (6813546031a4b..., userDataDir: C:\Users\lenovo\AppData\Loc...}, goog:chromeOptions: {debuggerAddress: localhost:52146}, javascriptEnabled: true, networkConnectionEnabled: false, pageLoadStrategy: normal, platform: WINDOWS, platformName: WINDOWS, proxy: Proxy(), setWindowRect: true, strictFileInteractability: false, timeouts: {implicit: 0, pageLoad: 300000, script: 30000}, unhandledPromptBehavior: dismiss and notify, webauthn:virtualAuthenticators: true}&#10;Session ID: 41b1e89be26c0a04d94021b0957073ea" type="org.openqa.selenium.NoAlertPresentException"><![CDATA[org.openqa.selenium.NoAlertPresentException: 
no such alert
  (Session info: chrome=81.0.4044.138)
Build info: version: '3.141.59', revision: 'e82be7d358', time: '2018-11-14T08:17:03'
System info: host: 'LENOVO-PC', ip: '192.168.1.6', os.name: 'Windows 7', os.arch: 'amd64', os.version: '6.1', java.version: '1.8.0_241'
Driver info: org.openqa.selenium.chrome.ChromeDriver
Capabilities {acceptInsecureCerts: false, browserName: chrome, browserVersion: 81.0.4044.138, chrome: {chromedriverVersion: 81.0.4044.69 (6813546031a4b..., userDataDir: C:\Users\lenovo\AppData\Loc...}, goog:chromeOptions: {debuggerAddress: localhost:52146}, javascriptEnabled: true, networkConnectionEnabled: false, pageLoadStrategy: normal, platform: WINDOWS, platformName: WINDOWS, proxy: Proxy(), setWindowRect: true, strictFileInteractability: false, timeouts: {implicit: 0, pageLoad: 300000, script: 30000}, unhandledPromptBehavior: dismiss and notify, webauthn:virtualAuthenticators: true}
Session ID: 41b1e89be26c0a04d94021b0957073ea
	at com.inetbanking.testCases.LoginDataDriverTest.loginDDT(LoginDataDriverTest.java:28)
]]></failure>
    <system-err><![CDATA[[1589978511.541][SEVERE]: Timed out receiving message from renderer: 0.100
[1589978511.644][SEVERE]: Timed out receiving message from renderer: 0.100
[1589978511.835][SEVERE]: Timed out receiving message from renderer: 0.100
[1589978511.973][SEVERE]: Timed out receiving message from renderer: 0.100
[1589978512.208][SEVERE]: Timed out receiving message from renderer: 0.100
[1589978512.437][SEVERE]: Timed out receiving message from renderer: 0.100
[1589978512.539][SEVERE]: Timed out receiving message from renderer: 0.100
]]></system-err>
  </testcase>
  <testcase name="loginDDT" classname="com.inetbanking.testCases.LoginDataDriverTest" time="2.782">
    <failure message="no such alert&#10;  (Session info: chrome=81.0.4044.138)&#10;Build info: version: &apos;3.141.59&apos;, revision: &apos;e82be7d358&apos;, time: &apos;2018-11-14T08:17:03&apos;&#10;System info: host: &apos;LENOVO-PC&apos;, ip: &apos;192.168.1.6&apos;, os.name: &apos;Windows 7&apos;, os.arch: &apos;amd64&apos;, os.version: &apos;6.1&apos;, java.version: &apos;1.8.0_241&apos;&#10;Driver info: org.openqa.selenium.chrome.ChromeDriver&#10;Capabilities {acceptInsecureCerts: false, browserName: chrome, browserVersion: 81.0.4044.138, chrome: {chromedriverVersion: 81.0.4044.69 (6813546031a4b..., userDataDir: C:\Users\lenovo\AppData\Loc...}, goog:chromeOptions: {debuggerAddress: localhost:52146}, javascriptEnabled: true, networkConnectionEnabled: false, pageLoadStrategy: normal, platform: WINDOWS, platformName: WINDOWS, proxy: Proxy(), setWindowRect: true, strictFileInteractability: false, timeouts: {implicit: 0, pageLoad: 300000, script: 30000}, unhandledPromptBehavior: dismiss and notify, webauthn:virtualAuthenticators: true}&#10;Session ID: 41b1e89be26c0a04d94021b0957073ea" type="org.openqa.selenium.NoAlertPresentException"><![CDATA[org.openqa.selenium.NoAlertPresentException: 
no such alert
  (Session info: chrome=81.0.4044.138)
Build info: version: '3.141.59', revision: 'e82be7d358', time: '2018-11-14T08:17:03'
System info: host: 'LENOVO-PC', ip: '192.168.1.6', os.name: 'Windows 7', os.arch: 'amd64', os.version: '6.1', java.version: '1.8.0_241'
Driver info: org.openqa.selenium.chrome.ChromeDriver
Capabilities {acceptInsecureCerts: false, browserName: chrome, browserVersion: 81.0.4044.138, chrome: {chromedriverVersion: 81.0.4044.69 (6813546031a4b..., userDataDir: C:\Users\lenovo\AppData\Loc...}, goog:chromeOptions: {debuggerAddress: localhost:52146}, javascriptEnabled: true, networkConnectionEnabled: false, pageLoadStrategy: normal, platform: WINDOWS, platformName: WINDOWS, proxy: Proxy(), setWindowRect: true, strictFileInteractability: false, timeouts: {implicit: 0, pageLoad: 300000, script: 30000}, unhandledPromptBehavior: dismiss and notify, webauthn:virtualAuthenticators: true}
Session ID: 41b1e89be26c0a04d94021b0957073ea
	at com.inetbanking.testCases.LoginDataDriverTest.loginDDT(LoginDataDriverTest.java:28)
]]></failure>
    <system-err><![CDATA[[1589978514.444][SEVERE]: Timed out receiving message from renderer: 0.100
[1589978514.548][SEVERE]: Timed out receiving message from renderer: 0.100
[1589978514.651][SEVERE]: Timed out receiving message from renderer: 0.100
[1589978514.776][SEVERE]: Timed out receiving message from renderer: 0.100
[1589978514.879][SEVERE]: Timed out receiving message from renderer: 0.100
[1589978515.067][SEVERE]: Timed out receiving message from renderer: 0.100
[1589978515.171][SEVERE]: Timed out receiving message from renderer: 0.100
[1589978515.348][SEVERE]: Timed out receiving message from renderer: 0.100
[1589978515.451][SEVERE]: Timed out receiving message from renderer: 0.100
]]></system-err>
  </testcase>
  <testcase name="loginDDT" classname="com.inetbanking.testCases.LoginDataDriverTest" time="2.83">
    <failure message="no such alert&#10;  (Session info: chrome=81.0.4044.138)&#10;Build info: version: &apos;3.141.59&apos;, revision: &apos;e82be7d358&apos;, time: &apos;2018-11-14T08:17:03&apos;&#10;System info: host: &apos;LENOVO-PC&apos;, ip: &apos;192.168.1.6&apos;, os.name: &apos;Windows 7&apos;, os.arch: &apos;amd64&apos;, os.version: &apos;6.1&apos;, java.version: &apos;1.8.0_241&apos;&#10;Driver info: org.openqa.selenium.chrome.ChromeDriver&#10;Capabilities {acceptInsecureCerts: false, browserName: chrome, browserVersion: 81.0.4044.138, chrome: {chromedriverVersion: 81.0.4044.69 (6813546031a4b..., userDataDir: C:\Users\lenovo\AppData\Loc...}, goog:chromeOptions: {debuggerAddress: localhost:52146}, javascriptEnabled: true, networkConnectionEnabled: false, pageLoadStrategy: normal, platform: WINDOWS, platformName: WINDOWS, proxy: Proxy(), setWindowRect: true, strictFileInteractability: false, timeouts: {implicit: 0, pageLoad: 300000, script: 30000}, unhandledPromptBehavior: dismiss and notify, webauthn:virtualAuthenticators: true}&#10;Session ID: 41b1e89be26c0a04d94021b0957073ea" type="org.openqa.selenium.NoAlertPresentException"><![CDATA[org.openqa.selenium.NoAlertPresentException: 
no such alert
  (Session info: chrome=81.0.4044.138)
Build info: version: '3.141.59', revision: 'e82be7d358', time: '2018-11-14T08:17:03'
System info: host: 'LENOVO-PC', ip: '192.168.1.6', os.name: 'Windows 7', os.arch: 'amd64', os.version: '6.1', java.version: '1.8.0_241'
Driver info: org.openqa.selenium.chrome.ChromeDriver
Capabilities {acceptInsecureCerts: false, browserName: chrome, browserVersion: 81.0.4044.138, chrome: {chromedriverVersion: 81.0.4044.69 (6813546031a4b..., userDataDir: C:\Users\lenovo\AppData\Loc...}, goog:chromeOptions: {debuggerAddress: localhost:52146}, javascriptEnabled: true, networkConnectionEnabled: false, pageLoadStrategy: normal, platform: WINDOWS, platformName: WINDOWS, proxy: Proxy(), setWindowRect: true, strictFileInteractability: false, timeouts: {implicit: 0, pageLoad: 300000, script: 30000}, unhandledPromptBehavior: dismiss and notify, webauthn:virtualAuthenticators: true}
Session ID: 41b1e89be26c0a04d94021b0957073ea
	at com.inetbanking.testCases.LoginDataDriverTest.loginDDT(LoginDataDriverTest.java:28)
]]></failure>
    <system-err><![CDATA[[1589978517.059][SEVERE]: Timed out receiving message from renderer: 0.100
[1589978517.164][SEVERE]: Timed out receiving message from renderer: 0.100
[1589978517.267][SEVERE]: Timed out receiving message from renderer: 0.100
[1589978517.377][SEVERE]: Timed out receiving message from renderer: 0.100
[1589978517.656][SEVERE]: Timed out receiving message from renderer: 0.100
[1589978517.902][SEVERE]: Timed out receiving message from renderer: 0.100
[1589978518.013][SEVERE]: Timed out receiving message from renderer: 0.100
[1589978518.116][SEVERE]: Timed out receiving message from renderer: 0.100
[1589978518.223][SEVERE]: Timed out receiving message from renderer: 0.100
]]></system-err>
  </testcase>
  <testcase name="addcutomer" classname="com.inetbanking.testCases.AddCustomer" time="8.471">
    <failure message="expected [true] but found [false]" type="java.lang.AssertionError"><![CDATA[java.lang.AssertionError: expected [true] but found [false]
	at com.inetbanking.testCases.AddCustomer.addcutomer(AddCustomer.java:68)
]]></failure>
    <system-out><![CDATA[20-05-2020-06-12-12
20-05-2020-06-12-13
]]></system-out>
    <system-err><![CDATA[Starting ChromeDriver 81.0.4044.69 (6813546031a4bc83f717a2ef7cd4ac6ec1199132-refs/branch-heads/4044@{#776}) on port 30755
Only local connections are allowed.
Please protect ports used by ChromeDriver and related test frameworks to prevent access by malicious code.
May 20, 2020 6:12:01 PM org.openqa.selenium.remote.ProtocolHandshake createSession
INFO: Detected dialect: W3C
[1589978521.950][SEVERE]: Timed out receiving message from renderer: 0.100
[1589978522.054][SEVERE]: Timed out receiving message from renderer: 0.100
[1589978522.297][SEVERE]: Timed out receiving message from renderer: 0.100
[1589978522.404][SEVERE]: Timed out receiving message from renderer: 0.100
[1589978522.515][SEVERE]: Timed out receiving message from renderer: 0.100
[1589978522.619][SEVERE]: Timed out receiving message from renderer: 0.100
[1589978522.726][SEVERE]: Timed out receiving message from renderer: 0.100
[1589978522.876][SEVERE]: Timed out receiving message from renderer: 0.100
[1589978522.981][SEVERE]: Timed out receiving message from renderer: 0.100
[1589978523.093][SEVERE]: Timed out receiving message from renderer: 0.100
[1589978523.264][SEVERE]: Timed out receiving message from renderer: 0.100
[1589978523.368][SEVERE]: Timed out receiving message from renderer: 0.100
[1589978523.602][SEVERE]: Timed out receiving message from renderer: 0.100
[1589978523.769][SEVERE]: Timed out receiving message from renderer: 0.100
[1589978523.875][SEVERE]: Timed out receiving message from renderer: 0.100
[1589978523.980][SEVERE]: Timed out receiving message from renderer: 0.100
[1589978524.085][SEVERE]: Timed out receiving message from renderer: 0.100
[1589978524.194][SEVERE]: Timed out receiving message from renderer: 0.100
[1589978524.444][SEVERE]: Timed out receiving message from renderer: 0.100
[1589978524.548][SEVERE]: Timed out receiving message from renderer: 0.100
[1589978524.718][SEVERE]: Timed out receiving message from renderer: 0.100
[1589978526.464][SEVERE]: Timed out receiving message from renderer: 0.100
[1589978526.567][SEVERE]: Timed out receiving message from renderer: 0.100
[1589978526.670][SEVERE]: Timed out receiving message from renderer: 0.100
[1589978526.772][SEVERE]: Timed out receiving message from renderer: 0.100
[1589978526.878][SEVERE]: Timed out receiving message from renderer: 0.100
[1589978526.984][SEVERE]: Timed out receiving message from renderer: 0.100
[1589978527.086][SEVERE]: Timed out receiving message from renderer: 0.100
[1589978527.782][SEVERE]: Timed out receiving message from renderer: 0.100
[1589978527.885][SEVERE]: Timed out receiving message from renderer: 0.100
[1589978527.995][SEVERE]: Timed out receiving message from renderer: 0.100
[1589978528.132][SEVERE]: Timed out receiving message from renderer: 0.100
[1589978528.243][SEVERE]: Timed out receiving message from renderer: 0.100
[1589978528.345][SEVERE]: Timed out receiving message from renderer: 0.100
[1589978528.447][SEVERE]: Timed out receiving message from renderer: 0.100
[1589978528.557][SEVERE]: Timed out receiving message from renderer: 0.100
[1589978528.659][SEVERE]: Timed out receiving message from renderer: 0.100
[1589978528.761][SEVERE]: Timed out receiving message from renderer: 0.100
[1589978528.863][SEVERE]: Timed out receiving message from renderer: 0.100
[1589978528.964][SEVERE]: Timed out receiving message from renderer: 0.100
[1589978529.066][SEVERE]: Timed out receiving message from renderer: 0.100
[1589978529.168][SEVERE]: Timed out receiving message from renderer: 0.100
[1589978529.269][SEVERE]: Timed out receiving message from renderer: 0.100
[1589978529.371][SEVERE]: Timed out receiving message from renderer: 0.100
[1589978529.472][SEVERE]: Timed out receiving message from renderer: 0.100
[1589978532.086][SEVERE]: Timed out receiving message from renderer: 0.100
[1589978532.189][SEVERE]: Timed out receiving message from renderer: 0.100
]]></system-err>
  </testcase>
  <testcase name="editcutomer" classname="com.inetbanking.testCases.EditCustomer" time="72.224">
    <failure message="expected [true] but found [false]" type="java.lang.AssertionError"><![CDATA[java.lang.AssertionError: expected [true] but found [false]
	at com.inetbanking.testCases.EditCustomer.editcutomer(EditCustomer.java:28)
]]></failure>
    <system-err><![CDATA[Starting ChromeDriver 81.0.4044.69 (6813546031a4bc83f717a2ef7cd4ac6ec1199132-refs/branch-heads/4044@{#776}) on port 27498
Only local connections are allowed.
Please protect ports used by ChromeDriver and related test frameworks to prevent access by malicious code.
May 20, 2020 6:12:16 PM org.openqa.selenium.remote.ProtocolHandshake createSession
INFO: Detected dialect: W3C
[1589978537.474][SEVERE]: Timed out receiving message from renderer: 0.100
[1589978537.576][SEVERE]: Timed out receiving message from renderer: 0.100
[1589978537.764][SEVERE]: Timed out receiving message from renderer: 0.100
[1589978537.869][SEVERE]: Timed out receiving message from renderer: 0.100
[1589978537.973][SEVERE]: Timed out receiving message from renderer: 0.100
[1589978538.089][SEVERE]: Timed out receiving message from renderer: 0.100
[1589978538.192][SEVERE]: Timed out receiving message from renderer: 0.100
[1589978538.307][SEVERE]: Timed out receiving message from renderer: 0.100
[1589978538.423][SEVERE]: Timed out receiving message from renderer: 0.100
[1589978538.528][SEVERE]: Timed out receiving message from renderer: 0.100
[1589978538.636][SEVERE]: Timed out receiving message from renderer: 0.100
[1589978538.853][SEVERE]: Timed out receiving message from renderer: 0.100
[1589978539.183][SEVERE]: Timed out receiving message from renderer: 0.100
[1589978539.286][SEVERE]: Timed out receiving message from renderer: 0.100
[1589978539.389][SEVERE]: Timed out receiving message from renderer: 0.100
[1589978539.517][SEVERE]: Timed out receiving message from renderer: 0.100
[1589978539.664][SEVERE]: Timed out receiving message from renderer: 0.100
[1589978539.770][SEVERE]: Timed out receiving message from renderer: 0.100
[1589978539.895][SEVERE]: Timed out receiving message from renderer: 0.100
[1589978539.999][SEVERE]: Timed out receiving message from renderer: 0.100
[1589978540.104][SEVERE]: Timed out receiving message from renderer: 0.100
[1589978540.259][SEVERE]: Timed out receiving message from renderer: 0.100
]]></system-err>
  </testcase>
</testsuite>